<?xml version="1.0" encoding="UTF-8"?>
<!-- Generated by org.testng.reporters.JUnitReportReporter -->
<testsuite hostname="DESKTOP-GE6RJF5" failures="0" tests="1" name="org.testing.TestScripts.TestCaseThree" time="61.696" errors="0" timestamp="23 Jul 2019 20:55:47 GMT">
  <testcase classname="org.testing.TestScripts.TestCaseThree" name="Test" time="61.696"/>
</testsuite> <!-- org.testing.TestScripts.TestCaseThree -->
