<?xml version="1.0" encoding="UTF-8"?>
<!-- Generated by org.testng.reporters.JUnitReportReporter -->
<testsuite hostname="DESKTOP-GE6RJF5" failures="0" tests="1" name="org.testing.TestScripts.TestCaseFour" time="40.418" errors="0" timestamp="23 Jul 2019 21:15:48 GMT">
  <testcase classname="org.testing.TestScripts.TestCaseFour" name="Test" time="40.418"/>
</testsuite> <!-- org.testing.TestScripts.TestCaseFour -->
