<?xml version="1.0" encoding="UTF-8"?>
<!-- Generated by org.testng.reporters.JUnitReportReporter -->
<testsuite hostname="DESKTOP-GE6RJF5" failures="0" tests="1" name="org.testing.TestScripts.TestCaseThree" time="61.786" errors="0" timestamp="19 Jul 2019 19:02:33 GMT">
  <testcase classname="org.testing.TestScripts.TestCaseThree" name="Test" time="61.786"/>
</testsuite> <!-- org.testing.TestScripts.TestCaseThree -->
