<?xml version="1.0" encoding="UTF-8"?>
<!-- Generated by org.testng.reporters.JUnitReportReporter -->
<testsuite hostname="DESKTOP-GE6RJF5" failures="0" tests="1" name="org.testing.TestScripts.TestCaseOne" time="45.090" errors="0" timestamp="16 Jul 2019 17:59:36 GMT">
  <testcase classname="org.testing.TestScripts.TestCaseOne" name="test" time="45.090"/>
</testsuite> <!-- org.testing.TestScripts.TestCaseOne -->
