<?xml version="1.0" encoding="UTF-8"?>
<!-- Generated by org.testng.reporters.JUnitReportReporter -->
<testsuite hostname="DESKTOP-GE6RJF5" failures="0" tests="1" name="org.testing.TestScripts.TestCaseTwo" time="79.441" errors="0" timestamp="23 Jul 2019 21:10:47 GMT">
  <testcase classname="org.testing.TestScripts.TestCaseTwo" name="Test" time="79.441"/>
</testsuite> <!-- org.testing.TestScripts.TestCaseTwo -->
