<?xml version="1.0" encoding="UTF-8"?>
<!-- Generated by org.testng.reporters.JUnitReportReporter -->
<testsuite hostname="DESKTOP-GE6RJF5" failures="0" tests="1" name="org.testing.TestScripts.TestCaseFive" time="50.304" errors="0" timestamp="23 Jul 2019 21:13:55 GMT">
  <testcase classname="org.testing.TestScripts.TestCaseFive" name="test" time="50.304"/>
</testsuite> <!-- org.testing.TestScripts.TestCaseFive -->
