<?xml version="1.0" encoding="UTF-8"?>
<!-- Generated by org.testng.reporters.JUnitReportReporter -->
<testsuite hostname="DESKTOP-GE6RJF5" failures="0" tests="1" name="org.testing.TestScripts.TestCaseOne" time="43.520" errors="0" timestamp="24 Jul 2019 19:13:56 GMT">
  <testcase classname="org.testing.TestScripts.TestCaseOne" name="test" time="43.520"/>
</testsuite> <!-- org.testing.TestScripts.TestCaseOne -->
