<?xml version="1.0" encoding="UTF-8"?>
<!-- Generated by org.testng.reporters.JUnitReportReporter -->
<testsuite hostname="DESKTOP-GE6RJF5" failures="0" tests="1" name="org.testing.TestScripts.TestCaseOne" time="72.694" errors="0" timestamp="29 Jul 2019 21:08:35 GMT">
  <testcase classname="org.testing.TestScripts.TestCaseOne" name="test" time="72.694"/>
</testsuite> <!-- org.testing.TestScripts.TestCaseOne -->
