<?xml version="1.0" encoding="UTF-8"?>
<!-- Generated by org.testng.reporters.JUnitReportReporter -->
<testsuite hostname="DESKTOP-GE6RJF5" failures="0" tests="4" name="org.testing.TestScripts.TestCase6" time="196.311" errors="0" timestamp="7 Aug 2019 18:33:48 GMT">
  <testcase classname="org.testing.TestScripts.TestCase6" name="TC6" time="42.693"/>
  <testcase classname="org.testing.TestScripts.TestCase6" name="TC6" time="57.231"/>
  <testcase classname="org.testing.TestScripts.TestCase6" name="TC6" time="43.491"/>
  <testcase classname="org.testing.TestScripts.TestCase6" name="TC6" time="52.896"/>
</testsuite> <!-- org.testing.TestScripts.TestCase6 -->
